[ 2025-02-10 10:13:21,532 ] 12 root - INFO - Starting data ingestion process...
[ 2025-02-10 10:13:21,532 ] 25 root - INFO - Initiating data ingestion
[ 2025-02-10 10:13:21,532 ] 28 root - INFO - Saving the files into the artifacts folder
[ 2025-02-10 10:13:21,780 ] 36 root - INFO - Successfully saved the MNIST data into the artifacts folder
[ 2025-02-10 10:13:21,784 ] 15 root - INFO - Data ingestion completed. Data available at: None
[ 2025-02-10 10:13:21,784 ] 18 root - INFO - Starting data transformation process...
[ 2025-02-10 10:13:21,784 ] 27 root - INFO - Initiating Data transformation
[ 2025-02-10 10:13:21,785 ] 28 root - INFO - Loading the data from the artifacts folder
[ 2025-02-10 10:13:21,835 ] 39 root - INFO - Normalizing and Reshaping the data
[ 2025-02-10 10:13:21,972 ] 44 root - INFO - Normalizing and Reshaping the data completed
[ 2025-02-10 10:13:21,972 ] 46 root - INFO - Label Encoding the output variables
[ 2025-02-10 10:13:21,979 ] 49 root - INFO - Label encoding completed
[ 2025-02-10 10:13:21,979 ] 21 root - INFO - Data transformation completed.
[ 2025-02-10 10:13:21,979 ] 24 root - INFO - Starting model training process...
[ 2025-02-10 10:13:21,979 ] 54 root - INFO - Compiling the model
[ 2025-02-10 10:13:21,979 ] 32 root - INFO - Building the CNN model
[ 2025-02-10 10:13:22,057 ] 47 root - INFO - Model built successfully
[ 2025-02-10 10:16:38,055 ] 67 root - INFO - Model saved successfully at: artifacts\model.keras
[ 2025-02-10 10:16:42,387 ] 72 root - INFO - Test accuracy: 0.9922999739646912, Test loss: 0.024787619709968567
[ 2025-02-10 10:16:42,387 ] 27 root - INFO - Model training completed and model saved.
[ 2025-02-10 10:16:42,387 ] 30 root - INFO - Starting model evaluation process...
[ 2025-02-10 10:16:51,374 ] 33 root - INFO - Model evaluation completed.
