[ 2025-02-05 17:02:56,676 ] 12 root - INFO - Starting data ingestion process...
[ 2025-02-05 17:02:56,676 ] 25 root - INFO - Initiating data ingestion
[ 2025-02-05 17:02:56,676 ] 28 root - INFO - Saving the files into the artifacts folder
[ 2025-02-05 17:02:57,013 ] 36 root - INFO - Successfully saved the MNIST data into the artifacts folder
[ 2025-02-05 17:02:57,013 ] 15 root - INFO - Data ingestion completed. Data available at: None
[ 2025-02-05 17:02:57,013 ] 18 root - INFO - Starting data transformation process...
[ 2025-02-05 17:02:57,013 ] 26 root - INFO - Initiating Data transformation
[ 2025-02-05 17:02:57,013 ] 27 root - INFO - Loading the data from the artifacts folder
[ 2025-02-05 17:02:57,026 ] 38 root - INFO - Normalizing and Reshaping the data
[ 2025-02-05 17:02:57,210 ] 43 root - INFO - Normalizing and Reshaping the data completed
[ 2025-02-05 17:02:57,210 ] 45 root - INFO - Label Encoding the output variables
[ 2025-02-05 17:02:57,216 ] 48 root - INFO - Label encoding completed
[ 2025-02-05 17:02:57,216 ] 21 root - INFO - Data transformation completed.
[ 2025-02-05 17:02:57,216 ] 24 root - INFO - Starting model training process...
[ 2025-02-05 17:02:57,216 ] 54 root - INFO - Compiling the model
[ 2025-02-05 17:02:57,216 ] 32 root - INFO - Building the CNN model
[ 2025-02-05 17:02:57,313 ] 47 root - INFO - Model built successfully
[ 2025-02-05 17:03:39,550 ] 67 root - INFO - Model saved successfully at: artifacts\model.keras
[ 2025-02-05 17:03:43,247 ] 72 root - INFO - Test accuracy: 0.9853000044822693, Test loss: 0.041366711258888245
[ 2025-02-05 17:03:43,247 ] 27 root - INFO - Model training completed and model saved.
[ 2025-02-05 17:03:43,247 ] 30 root - INFO - Starting model evaluation process...
[ 2025-02-05 17:03:50,752 ] 33 root - INFO - Model evaluation completed.
