[ 2025-02-07 13:04:25,328 ] 12 root - INFO - Starting data ingestion process...
[ 2025-02-07 13:04:25,328 ] 25 root - INFO - Initiating data ingestion
[ 2025-02-07 13:04:25,328 ] 28 root - INFO - Saving the files into the artifacts folder
[ 2025-02-07 13:04:25,559 ] 36 root - INFO - Successfully saved the MNIST data into the artifacts folder
[ 2025-02-07 13:04:25,563 ] 15 root - INFO - Data ingestion completed. Data available at: None
[ 2025-02-07 13:04:25,563 ] 18 root - INFO - Starting data transformation process...
[ 2025-02-07 13:04:25,563 ] 26 root - INFO - Initiating Data transformation
[ 2025-02-07 13:04:25,563 ] 27 root - INFO - Loading the data from the artifacts folder
[ 2025-02-07 13:04:25,612 ] 38 root - INFO - Normalizing and Reshaping the data
[ 2025-02-07 13:04:25,747 ] 43 root - INFO - Normalizing and Reshaping the data completed
[ 2025-02-07 13:04:25,747 ] 45 root - INFO - Label Encoding the output variables
[ 2025-02-07 13:04:25,752 ] 48 root - INFO - Label encoding completed
[ 2025-02-07 13:04:25,752 ] 21 root - INFO - Data transformation completed.
[ 2025-02-07 13:04:25,752 ] 24 root - INFO - Starting model training process...
[ 2025-02-07 13:04:25,752 ] 54 root - INFO - Compiling the model
[ 2025-02-07 13:04:25,752 ] 32 root - INFO - Building the CNN model
[ 2025-02-07 13:04:25,818 ] 47 root - INFO - Model built successfully
[ 2025-02-07 13:05:32,350 ] 67 root - INFO - Model saved successfully at: artifacts\model.keras
[ 2025-02-07 13:05:36,766 ] 72 root - INFO - Test accuracy: 0.9869999885559082, Test loss: 0.041626039892435074
[ 2025-02-07 13:05:36,767 ] 27 root - INFO - Model training completed and model saved.
[ 2025-02-07 13:05:36,767 ] 30 root - INFO - Starting model evaluation process...
[ 2025-02-07 13:05:46,552 ] 33 root - INFO - Model evaluation completed.
