[ 2025-02-05 19:15:44,945 ] 12 root - INFO - Starting data ingestion process...
[ 2025-02-05 19:15:44,945 ] 25 root - INFO - Initiating data ingestion
[ 2025-02-05 19:15:44,946 ] 28 root - INFO - Saving the files into the artifacts folder
[ 2025-02-05 19:15:45,144 ] 36 root - INFO - Successfully saved the MNIST data into the artifacts folder
[ 2025-02-05 19:15:45,147 ] 15 root - INFO - Data ingestion completed. Data available at: None
[ 2025-02-05 19:15:45,147 ] 18 root - INFO - Starting data transformation process...
[ 2025-02-05 19:15:45,147 ] 26 root - INFO - Initiating Data transformation
[ 2025-02-05 19:15:45,148 ] 27 root - INFO - Loading the data from the artifacts folder
[ 2025-02-05 19:15:45,166 ] 38 root - INFO - Normalizing and Reshaping the data
[ 2025-02-05 19:15:45,298 ] 43 root - INFO - Normalizing and Reshaping the data completed
[ 2025-02-05 19:15:45,298 ] 45 root - INFO - Label Encoding the output variables
[ 2025-02-05 19:15:45,304 ] 48 root - INFO - Label encoding completed
[ 2025-02-05 19:15:45,304 ] 21 root - INFO - Data transformation completed.
[ 2025-02-05 19:15:45,304 ] 24 root - INFO - Starting model training process...
[ 2025-02-05 19:15:45,304 ] 54 root - INFO - Compiling the model
[ 2025-02-05 19:15:45,304 ] 32 root - INFO - Building the CNN model
[ 2025-02-05 19:15:45,367 ] 47 root - INFO - Model built successfully
[ 2025-02-05 19:17:32,427 ] 67 root - INFO - Model saved successfully at: artifacts\model.keras
[ 2025-02-05 19:17:34,169 ] 72 root - INFO - Test accuracy: 0.992900013923645, Test loss: 0.02018127217888832
[ 2025-02-05 19:17:34,169 ] 27 root - INFO - Model training completed and model saved.
[ 2025-02-05 19:17:34,169 ] 30 root - INFO - Starting model evaluation process...
[ 2025-02-05 19:17:37,796 ] 33 root - INFO - Model evaluation completed.
